[NbConvertApp] WARNING | Config option `kernel_spec_manager_class` not recognized by `NbConvertApp`.
[NbConvertApp] Converting notebook ../notebooks/train_binary_model.ipynb to script
[NbConvertApp] Writing 18694 bytes to train_binary_model.py
[NbConvertApp] Converting notebook ../notebooks/train_multiclass_model.ipynb to script
[NbConvertApp] Writing 61992 bytes to train_multiclass_model.py
[NbConvertApp] Converting notebook ../notebooks/train_regression_model.ipynb to script
[NbConvertApp] Writing 25120 bytes to train_regression_model.py
SHSY5Y MultiClass_MLP True
[0.954878893196544, 0.505315252332322, 0.539805854471134]
Traceback (most recent call last):
  File "/projects/mlippincott@xsede.org/software/anaconda/envs/Interstellar_python/lib/python3.10/site-packages/pandas/core/indexes/base.py", line 3791, in get_loc
    return self._engine.get_loc(casted_key)
  File "index.pyx", line 152, in pandas._libs.index.IndexEngine.get_loc
  File "index.pyx", line 181, in pandas._libs.index.IndexEngine.get_loc
  File "pandas/_libs/hashtable_class_helper.pxi", line 7080, in pandas._libs.hashtable.PyObjectHashTable.get_item
  File "pandas/_libs/hashtable_class_helper.pxi", line 7088, in pandas._libs.hashtable.PyObjectHashTable.get_item
KeyError: 'Metadata_Site'

The above exception was the direct cause of the following exception:

Traceback (most recent call last):
  File "/gpfs/alpine1/scratch/mlippincott@xsede.org/Interstellar_Analysis/4.sc_Morphology_Neural_Network_MLP_Model/1.model_training/scripts/train_multiclass_model.py", line 143, in <module>
    df1["Metadata_Site"] = df_no_fs["Metadata_Site"]
  File "/projects/mlippincott@xsede.org/software/anaconda/envs/Interstellar_python/lib/python3.10/site-packages/pandas/core/frame.py", line 3893, in __getitem__
    indexer = self.columns.get_loc(key)
  File "/projects/mlippincott@xsede.org/software/anaconda/envs/Interstellar_python/lib/python3.10/site-packages/pandas/core/indexes/base.py", line 3798, in get_loc
    raise KeyError(key) from err
KeyError: 'Metadata_Site'
Done
